2025-11-04 15:31:25,184 - __main__ - INFO - Number of battles: 20
2025-11-04 15:31:25,184 - __main__ - INFO - 200 - OK
2025-11-04 15:31:25,185 - __main__ - INFO - fightId: 276868861 started 2025-10-27T20:02:30.809838300Z end ended 2025-10-27T20:15:10.787764600Z
2025-11-04 15:31:25,185 - __main__ - INFO - Total players found in guild: 39
2025-11-04 15:31:25,185 - __main__ - INFO - fightId: 277402472 started 2025-10-28T22:08:48.797399600Z end ended 2025-10-28T22:19:48.875343500Z
2025-11-04 15:31:25,185 - __main__ - INFO - Total players found in guild: 72
2025-11-04 15:31:25,185 - __main__ - INFO - fightId: 279161070 started 2025-11-01T18:45:29.859474300Z end ended 2025-11-01T18:56:43.167192500Z
2025-11-04 15:31:25,185 - __main__ - INFO - Total players found in guild: 74
2025-11-04 15:31:25,185 - __main__ - INFO - fightId: 278218828 started 2025-10-30T18:59:21.266385200Z end ended 2025-10-30T19:18:25.012868300Z
2025-11-04 15:31:25,185 - __main__ - INFO - Total players found in guild: 62
2025-11-04 15:31:25,185 - __main__ - INFO - fightId: 276896654 started 2025-10-27T20:47:51.497680900Z end ended 2025-10-27T20:58:53.696067500Z
2025-11-04 15:31:25,186 - __main__ - INFO - Total players found in guild: 40
2025-11-04 15:48:13,078 - __main__ - INFO - Number of battles: 20
2025-11-04 15:48:13,078 - __main__ - INFO - 200 - OK
2025-11-04 15:48:13,078 - __main__ - INFO - fightId: 276868861 started 2025-10-27T20:02:30.809838300Z end ended 2025-10-27T20:15:10.787764600Z
2025-11-04 15:48:13,078 - __main__ - INFO - Total players found in guild: 39
2025-11-04 15:48:13,078 - __main__ - INFO - fightId: 277402472 started 2025-10-28T22:08:48.797399600Z end ended 2025-10-28T22:19:48.875343500Z
2025-11-04 15:48:13,078 - __main__ - INFO - Total players found in guild: 72
2025-11-04 15:48:13,078 - __main__ - INFO - fightId: 279161070 started 2025-11-01T18:45:29.859474300Z end ended 2025-11-01T18:56:43.167192500Z
2025-11-04 15:48:13,079 - __main__ - INFO - Total players found in guild: 74
2025-11-04 15:48:13,079 - __main__ - INFO - fightId: 278218828 started 2025-10-30T18:59:21.266385200Z end ended 2025-10-30T19:18:25.012868300Z
2025-11-04 15:48:13,079 - __main__ - INFO - Total players found in guild: 62
2025-11-04 15:48:13,079 - __main__ - INFO - fightId: 276896654 started 2025-10-27T20:47:51.497680900Z end ended 2025-10-27T20:58:53.696067500Z
2025-11-04 15:48:13,079 - __main__ - INFO - Total players found in guild: 40
2025-11-04 15:59:57,574 - __main__ - INFO - Number of battles: 20
2025-11-04 15:59:57,574 - __main__ - INFO - 200 - OK
2025-11-04 15:59:57,574 - __main__ - INFO - fightId: 276868861 started 2025-10-27T20:02:30.809838300Z end ended 2025-10-27T20:15:10.787764600Z
2025-11-04 15:59:57,574 - __main__ - INFO - Total players found in guild: 39
2025-11-04 15:59:57,574 - __main__ - INFO - fightId: 277402472 started 2025-10-28T22:08:48.797399600Z end ended 2025-10-28T22:19:48.875343500Z
2025-11-04 15:59:57,574 - __main__ - INFO - Total players found in guild: 72
2025-11-04 15:59:57,575 - __main__ - INFO - fightId: 279161070 started 2025-11-01T18:45:29.859474300Z end ended 2025-11-01T18:56:43.167192500Z
2025-11-04 15:59:57,575 - __main__ - INFO - Total players found in guild: 74
2025-11-04 15:59:57,575 - __main__ - INFO - fightId: 278218828 started 2025-10-30T18:59:21.266385200Z end ended 2025-10-30T19:18:25.012868300Z
2025-11-04 15:59:57,575 - __main__ - INFO - Total players found in guild: 62
2025-11-04 15:59:57,575 - __main__ - INFO - fightId: 276896654 started 2025-10-27T20:47:51.497680900Z end ended 2025-10-27T20:58:53.696067500Z
2025-11-04 15:59:57,575 - __main__ - INFO - Total players found in guild: 40
2025-11-04 16:34:33,912 - __main__ - INFO - Number of battles: 20
2025-11-04 16:34:33,912 - __main__ - INFO - 200 - OK
2025-11-04 16:53:56,787 - __main__ - INFO - Number of battles: 20
2025-11-04 16:53:56,787 - __main__ - INFO - 200 - OK
2025-11-04 17:15:09,187 - __main__ - INFO - Number of battles: 20
2025-11-04 17:15:09,187 - __main__ - INFO - 200 - OK
2025-11-04 17:33:57,501 - __main__ - INFO - Number of battles: 20
2025-11-04 17:33:57,501 - __main__ - INFO - 200 - OK
2025-11-04 17:46:21,354 - __main__ - INFO - Number of battles: 20
2025-11-04 17:46:21,354 - __main__ - INFO - 200 - OK
2025-11-04 17:57:41,191 - __main__ - INFO - Number of battles: 20
2025-11-04 17:57:41,191 - __main__ - INFO - 200 - OK
2025-11-04 18:38:31,662 - __main__ - INFO - Number of battles: 20
2025-11-04 18:38:31,662 - __main__ - INFO - 200 - OK
2025-11-04 18:53:55,182 - __main__ - INFO - Number of battles: 20
2025-11-04 18:53:55,182 - __main__ - INFO - 200 - OK
2025-11-04 19:15:16,187 - __main__ - INFO - Number of battles: 20
2025-11-04 19:15:16,188 - __main__ - INFO - 200 - OK
2025-11-04 19:29:20,791 - __main__ - INFO - Number of battles: 20
2025-11-04 19:29:20,792 - __main__ - INFO - 200 - OK
2025-11-04 19:41:27,070 - __main__ - INFO - Number of battles: 20
2025-11-04 19:41:27,070 - __main__ - INFO - 200 - OK
2025-11-04 19:53:21,738 - __main__ - INFO - Number of battles: 20
2025-11-04 19:53:21,738 - __main__ - INFO - 200 - OK
2025-11-04 20:20:37,377 - __main__ - INFO - Number of battles: 20
2025-11-04 20:20:37,377 - __main__ - INFO - 200 - OK
2025-11-04 20:40:43,003 - __main__ - INFO - Number of battles: 20
2025-11-04 20:40:43,003 - __main__ - INFO - 200 - OK
2025-11-04 20:52:56,928 - __main__ - INFO - Number of battles: 20
2025-11-04 20:52:56,928 - __main__ - INFO - 200 - OK
2025-11-04 21:15:44,314 - __main__ - INFO - Number of battles: 20
2025-11-04 21:15:44,315 - __main__ - INFO - 200 - OK
2025-11-04 21:32:07,775 - __main__ - INFO - Number of battles: 20
2025-11-04 21:32:07,775 - __main__ - INFO - 200 - OK
2025-11-04 21:43:27,316 - __main__ - INFO - Number of battles: 20
2025-11-04 21:43:27,316 - __main__ - INFO - 200 - OK
2025-11-04 21:55:22,639 - __main__ - INFO - Number of battles: 20
2025-11-04 21:55:22,639 - __main__ - INFO - 200 - OK
2025-11-04 22:20:49,923 - __main__ - INFO - Number of battles: 20
2025-11-04 22:20:49,923 - __main__ - INFO - 200 - OK
2025-11-04 22:39:28,409 - __main__ - INFO - Number of battles: 20
2025-11-04 22:39:28,409 - __main__ - INFO - 200 - OK
2025-11-04 22:51:08,669 - __main__ - INFO - Number of battles: 20
2025-11-04 22:51:08,669 - __main__ - INFO - 200 - OK
2025-11-04 23:11:56,911 - __main__ - INFO - Number of battles: 20
2025-11-04 23:11:56,911 - __main__ - INFO - 200 - OK
2025-11-04 23:30:38,559 - __main__ - INFO - Number of battles: 20
2025-11-04 23:30:38,559 - __main__ - INFO - 200 - OK
2025-11-04 23:43:44,195 - __main__ - INFO - Number of battles: 20
2025-11-04 23:43:44,195 - __main__ - INFO - 200 - OK
2025-11-04 23:55:02,640 - __main__ - INFO - Number of battles: 20
2025-11-04 23:55:02,641 - __main__ - INFO - 200 - OK
2025-11-05 01:46:28,645 - __main__ - INFO - Number of battles: 20
2025-11-05 01:46:28,645 - __main__ - INFO - 200 - OK
2025-11-05 03:03:55,382 - __main__ - INFO - Number of battles: 20
2025-11-05 03:03:55,382 - __main__ - INFO - 200 - OK
2025-11-05 03:49:40,533 - __main__ - INFO - Number of battles: 20
2025-11-05 03:49:40,534 - __main__ - INFO - 200 - OK
2025-11-05 04:13:11,590 - __main__ - INFO - Number of battles: 20
2025-11-05 04:13:11,590 - __main__ - INFO - 200 - OK
2025-11-05 04:39:20,152 - __main__ - INFO - Number of battles: 20
2025-11-05 04:39:20,152 - __main__ - INFO - 200 - OK
2025-11-05 04:52:50,208 - __main__ - INFO - Number of battles: 20
2025-11-05 04:52:50,208 - __main__ - INFO - 200 - OK
2025-11-05 05:17:02,578 - __main__ - INFO - Number of battles: 20
2025-11-05 05:17:02,578 - __main__ - INFO - 200 - OK
2025-11-05 05:38:58,375 - __main__ - INFO - Number of battles: 20
2025-11-05 05:38:58,375 - __main__ - INFO - 200 - OK
2025-11-05 05:51:02,320 - __main__ - INFO - Number of battles: 20
2025-11-05 05:51:02,321 - __main__ - INFO - 200 - OK
2025-11-05 06:19:44,002 - __main__ - INFO - Number of battles: 20
2025-11-05 06:19:44,003 - __main__ - INFO - 200 - OK
2025-11-05 07:27:00,781 - __main__ - INFO - Number of battles: 51
2025-11-05 07:27:00,781 - __main__ - INFO - 200 - OK
2025-11-05 07:42:05,155 - __main__ - INFO - Number of battles: 51
2025-11-05 07:42:05,155 - __main__ - INFO - 200 - OK
2025-11-05 07:53:37,573 - __main__ - INFO - Number of battles: 51
2025-11-05 07:53:37,573 - __main__ - INFO - 200 - OK
2025-11-05 08:25:32,688 - __main__ - INFO - Number of battles: 51
2025-11-05 08:25:32,688 - __main__ - INFO - 200 - OK
2025-11-05 08:50:57,383 - __main__ - INFO - Number of battles: 51
2025-11-05 08:50:57,384 - __main__ - INFO - 200 - OK
2025-11-05 09:14:34,047 - __main__ - INFO - Number of battles: 51
2025-11-05 09:14:34,047 - __main__ - INFO - 200 - OK
2025-11-05 09:38:50,845 - __main__ - INFO - Number of battles: 51
2025-11-05 09:38:50,845 - __main__ - INFO - 200 - OK
2025-11-05 09:51:59,725 - __main__ - INFO - Number of battles: 51
2025-11-05 09:51:59,725 - __main__ - INFO - 200 - OK
2025-11-05 10:16:50,757 - __main__ - INFO - Number of battles: 51
2025-11-05 10:16:50,757 - __main__ - INFO - 200 - OK
2025-11-05 10:42:14,885 - __main__ - INFO - Number of battles: 51
2025-11-05 10:42:14,885 - __main__ - INFO - 200 - OK
2025-11-05 10:54:53,513 - __main__ - INFO - Number of battles: 51
2025-11-05 10:54:53,513 - __main__ - INFO - 200 - OK
2025-11-05 11:18:56,317 - __main__ - INFO - Number of battles: 51
2025-11-05 11:18:56,318 - __main__ - INFO - 200 - OK
2025-11-05 11:33:26,822 - __main__ - INFO - Number of battles: 51
2025-11-05 11:33:26,822 - __main__ - INFO - 200 - OK
2025-11-05 11:45:31,149 - __main__ - INFO - Number of battles: 51
2025-11-05 11:45:31,149 - __main__ - INFO - 200 - OK
2025-11-05 11:56:56,106 - __main__ - INFO - Number of battles: 51
2025-11-05 11:56:56,106 - __main__ - INFO - 200 - OK
2025-11-05 12:55:51,097 - __main__ - INFO - Number of battles: 51
2025-11-05 12:55:51,097 - __main__ - INFO - 200 - OK
2025-11-05 13:35:23,834 - __main__ - INFO - Number of battles: 51
2025-11-05 13:35:23,834 - __main__ - INFO - 200 - OK
2025-11-05 13:52:39,903 - __main__ - INFO - Number of battles: 51
2025-11-05 13:52:39,904 - __main__ - INFO - 200 - OK
2025-11-05 14:16:35,480 - __main__ - INFO - Number of battles: 51
2025-11-05 14:16:35,480 - __main__ - INFO - 200 - OK
2025-11-05 14:41:22,562 - __main__ - INFO - Number of battles: 51
2025-11-05 14:41:22,562 - __main__ - INFO - 200 - OK
2025-11-05 14:55:24,891 - __main__ - INFO - Number of battles: 51
2025-11-05 14:55:24,891 - __main__ - INFO - 200 - OK
2025-11-05 15:22:44,190 - __main__ - INFO - Number of battles: 51
2025-11-05 15:22:44,190 - __main__ - INFO - 200 - OK
2025-11-05 15:40:47,989 - __main__ - INFO - Number of battles: 51
2025-11-05 15:40:47,989 - __main__ - INFO - 200 - OK
2025-11-05 15:53:55,184 - __main__ - INFO - Number of battles: 51
2025-11-05 15:53:55,184 - __main__ - INFO - 200 - OK
2025-11-05 16:26:06,130 - __main__ - INFO - Number of battles: 51
2025-11-05 16:26:06,130 - __main__ - INFO - 200 - OK
2025-11-05 16:51:49,886 - __main__ - INFO - Number of battles: 51
2025-11-05 16:51:49,886 - __main__ - INFO - 200 - OK
2025-11-05 17:13:46,860 - __main__ - INFO - Number of battles: 51
2025-11-05 17:13:46,860 - __main__ - INFO - 200 - OK
2025-11-05 17:35:07,457 - __main__ - INFO - Number of battles: 51
2025-11-05 17:35:07,457 - __main__ - INFO - 200 - OK
2025-11-05 17:46:46,614 - __main__ - INFO - Number of battles: 51
2025-11-05 17:46:46,614 - __main__ - INFO - 200 - OK
2025-11-05 17:58:41,682 - __main__ - INFO - Number of battles: 51
2025-11-05 17:58:41,682 - __main__ - INFO - 200 - OK
2025-11-05 18:39:11,171 - __main__ - INFO - Number of battles: 51
2025-11-05 18:39:11,172 - __main__ - INFO - 200 - OK
2025-11-05 18:56:09,811 - __main__ - INFO - Number of battles: 51
2025-11-05 18:56:09,812 - __main__ - INFO - 200 - OK
2025-11-05 19:20:06,710 - __main__ - INFO - Number of battles: 51
2025-11-05 19:20:06,711 - __main__ - INFO - 200 - OK
2025-11-05 19:32:56,943 - __main__ - INFO - Number of battles: 51
2025-11-05 19:32:56,943 - __main__ - INFO - 200 - OK
2025-11-05 19:44:17,940 - __main__ - INFO - Number of battles: 51
2025-11-05 19:44:17,941 - __main__ - INFO - 200 - OK
2025-11-05 19:55:34,763 - __main__ - INFO - Number of battles: 51
2025-11-05 19:55:34,763 - __main__ - INFO - 200 - OK
2025-11-05 20:27:06,508 - __main__ - INFO - Number of battles: 51
2025-11-05 20:27:06,508 - __main__ - INFO - 200 - OK
2025-11-05 20:45:09,576 - __main__ - INFO - Number of battles: 51
2025-11-05 20:45:09,576 - __main__ - INFO - 200 - OK
2025-11-05 20:56:27,128 - __main__ - INFO - Number of battles: 51
2025-11-05 20:56:27,129 - __main__ - INFO - 200 - OK
2025-11-05 21:23:41,198 - __main__ - INFO - Number of battles: 51
2025-11-05 21:23:41,198 - __main__ - INFO - 200 - OK
2025-11-05 21:37:02,910 - __main__ - INFO - Number of battles: 51
2025-11-05 21:37:02,910 - __main__ - INFO - 200 - OK
2025-11-05 21:49:06,254 - __main__ - INFO - Number of battles: 51
2025-11-05 21:49:06,255 - __main__ - INFO - 200 - OK
2025-11-05 22:01:06,034 - __main__ - INFO - Number of battles: 51
2025-11-05 22:01:06,034 - __main__ - INFO - 200 - OK
2025-11-05 22:29:09,185 - __main__ - INFO - Number of battles: 51
2025-11-05 22:29:09,186 - __main__ - INFO - 200 - OK
2025-11-05 22:45:02,179 - __main__ - INFO - Number of battles: 51
2025-11-05 22:45:02,179 - __main__ - INFO - 200 - OK
2025-11-05 22:56:50,603 - __main__ - INFO - Number of battles: 51
2025-11-05 22:56:50,603 - __main__ - INFO - 200 - OK
2025-11-05 23:24:21,209 - __main__ - INFO - Number of battles: 51
2025-11-05 23:24:21,209 - __main__ - INFO - 200 - OK
2025-11-05 23:24:21,209 - __main__ - INFO - fightId: 281161390 started 2025-11-05T22:42:14.584305Z end ended 2025-11-05T22:43:15.252148600Z
2025-11-05 23:24:21,209 - __main__ - INFO - Total players found in guild: 30
2025-11-05 23:39:43,275 - __main__ - INFO - Number of battles: 51
2025-11-05 23:39:43,275 - __main__ - INFO - 200 - OK
2025-11-05 23:51:29,306 - __main__ - INFO - Number of battles: 51
2025-11-05 23:51:29,306 - __main__ - INFO - 200 - OK
2025-11-06 01:04:13,477 - __main__ - INFO - Number of battles: 51
2025-11-06 01:04:13,478 - __main__ - INFO - 200 - OK
2025-11-06 02:49:50,090 - __main__ - INFO - Number of battles: 51
2025-11-06 02:49:50,091 - __main__ - INFO - 200 - OK
2025-11-06 03:41:25,127 - __main__ - INFO - Number of battles: 51
2025-11-06 03:41:25,127 - __main__ - INFO - 200 - OK
2025-11-06 04:03:13,619 - __main__ - INFO - Number of battles: 51
2025-11-06 04:03:13,619 - __main__ - INFO - 200 - OK
2025-11-06 04:37:26,801 - __main__ - INFO - Number of battles: 51
2025-11-06 04:37:26,801 - __main__ - INFO - 200 - OK
2025-11-06 04:53:52,389 - __main__ - INFO - Number of battles: 51
2025-11-06 04:53:52,390 - __main__ - INFO - 200 - OK
2025-11-06 05:19:26,349 - __main__ - INFO - Number of battles: 51
2025-11-06 05:19:26,349 - __main__ - INFO - 200 - OK
2025-11-06 05:39:49,593 - __main__ - INFO - Number of battles: 51
2025-11-06 05:39:49,594 - __main__ - INFO - 200 - OK
2025-11-06 05:51:23,739 - __main__ - INFO - Number of battles: 51
2025-11-06 05:51:23,739 - __main__ - INFO - 200 - OK
2025-11-06 06:21:06,989 - __main__ - INFO - Number of battles: 51
2025-11-06 06:21:06,989 - __main__ - INFO - 200 - OK
2025-11-06 06:49:54,406 - __main__ - INFO - Number of battles: 51
2025-11-06 06:49:54,407 - __main__ - INFO - 200 - OK
2025-11-06 07:10:42,892 - __main__ - INFO - Number of battles: 51
2025-11-06 07:10:42,892 - __main__ - INFO - 200 - OK
2025-11-06 07:31:15,881 - __main__ - INFO - Number of battles: 51
2025-11-06 07:31:15,881 - __main__ - INFO - 200 - OK
2025-11-06 07:44:01,346 - __main__ - INFO - Number of battles: 51
2025-11-06 07:44:01,346 - __main__ - INFO - 200 - OK
2025-11-06 07:55:26,745 - __main__ - INFO - Number of battles: 51
2025-11-06 07:55:26,746 - __main__ - INFO - 200 - OK
2025-11-06 08:31:34,229 - __main__ - INFO - Number of battles: 51
2025-11-06 08:31:34,229 - __main__ - INFO - 200 - OK
2025-11-06 08:53:14,935 - __main__ - INFO - Number of battles: 51
2025-11-06 08:53:14,935 - __main__ - INFO - 200 - OK
2025-11-06 09:19:08,700 - __main__ - INFO - Number of battles: 51
2025-11-06 09:19:08,700 - __main__ - INFO - 200 - OK
2025-11-06 09:39:34,455 - __main__ - INFO - Number of battles: 51
2025-11-06 09:39:34,455 - __main__ - INFO - 200 - OK
2025-11-06 09:51:55,843 - __main__ - INFO - Number of battles: 51
2025-11-06 09:51:55,843 - __main__ - INFO - 200 - OK
2025-11-06 10:17:16,498 - __main__ - INFO - Number of battles: 51
2025-11-06 10:17:16,498 - __main__ - INFO - 200 - OK
2025-11-06 10:42:20,804 - __main__ - INFO - Number of battles: 51
2025-11-06 10:42:20,804 - __main__ - INFO - 200 - OK
2025-11-06 10:54:53,744 - __main__ - INFO - Number of battles: 51
2025-11-06 10:54:53,744 - __main__ - INFO - 200 - OK
2025-11-06 11:19:32,806 - __main__ - INFO - Number of battles: 51
2025-11-06 11:19:32,806 - __main__ - INFO - 200 - OK
2025-11-06 11:33:42,012 - __main__ - INFO - Number of battles: 51
2025-11-06 11:33:42,012 - __main__ - INFO - 200 - OK
2025-11-06 11:45:35,017 - __main__ - INFO - Number of battles: 51
2025-11-06 11:45:35,017 - __main__ - INFO - 200 - OK
2025-11-06 11:56:53,234 - __main__ - INFO - Number of battles: 51
2025-11-06 11:56:53,234 - __main__ - INFO - 200 - OK
2025-11-06 12:55:46,799 - __main__ - INFO - Number of battles: 51
2025-11-06 12:55:46,799 - __main__ - INFO - 200 - OK
2025-11-06 13:35:02,405 - __main__ - INFO - Number of battles: 51
2025-11-06 13:35:02,405 - __main__ - INFO - 200 - OK
2025-11-06 13:52:12,501 - __main__ - INFO - Number of battles: 51
2025-11-06 13:52:12,501 - __main__ - INFO - 200 - OK
2025-11-06 14:15:47,780 - __main__ - INFO - Number of battles: 51
2025-11-06 14:15:47,781 - __main__ - INFO - 200 - OK
2025-11-06 14:40:36,148 - __main__ - INFO - Number of battles: 51
2025-11-06 14:40:36,149 - __main__ - INFO - 200 - OK
2025-11-06 14:55:57,351 - __main__ - INFO - Number of battles: 51
2025-11-06 14:55:57,352 - __main__ - INFO - 200 - OK
2025-11-06 15:27:20,057 - __main__ - INFO - Number of battles: 51
2025-11-06 15:27:20,057 - __main__ - INFO - 200 - OK
2025-11-06 15:46:52,725 - __main__ - INFO - Number of battles: 51
2025-11-06 15:46:52,725 - __main__ - INFO - 200 - OK
2025-11-06 15:58:01,494 - __main__ - INFO - Number of battles: 51
2025-11-06 15:58:01,495 - __main__ - INFO - 200 - OK
2025-11-06 16:36:52,083 - __main__ - INFO - Number of battles: 51
2025-11-06 16:36:52,083 - __main__ - INFO - 200 - OK
2025-11-06 17:07:55,807 - __main__ - INFO - Number of battles: 51
2025-11-06 17:07:55,808 - __main__ - INFO - 200 - OK
2025-11-06 17:26:21,729 - __main__ - INFO - Number of battles: 51
2025-11-06 17:26:21,729 - __main__ - INFO - 200 - OK
2025-11-06 17:26:21,729 - __main__ - INFO - fightId: 281419048 started 2025-11-06T16:55:39.195269Z end ended 2025-11-06T16:59:28.079565500Z
2025-11-06 17:26:21,729 - __main__ - INFO - Total players found in guild: 21
2025-11-06 17:44:09,513 - __main__ - INFO - Number of battles: 51
2025-11-06 17:44:09,513 - __main__ - INFO - 200 - OK
2025-11-06 17:55:52,840 - __main__ - INFO - Number of battles: 51
2025-11-06 17:55:52,840 - __main__ - INFO - 200 - OK
2025-11-06 18:35:37,540 - __main__ - INFO - Number of battles: 51
2025-11-06 18:35:37,540 - __main__ - INFO - 200 - OK
2025-11-06 18:35:37,540 - __main__ - INFO - fightId: 281443622 started 2025-11-06T17:45:16.395974100Z end ended 2025-11-06T17:45:23.923581500Z
2025-11-06 18:35:37,540 - __main__ - INFO - Total players found in guild: 43
2025-11-06 18:55:37,856 - __main__ - INFO - Number of battles: 51
2025-11-06 18:55:37,857 - __main__ - INFO - 200 - OK
2025-11-06 19:18:33,634 - __main__ - INFO - Number of battles: 51
2025-11-06 19:18:33,634 - __main__ - INFO - 200 - OK
2025-11-06 19:30:32,820 - __main__ - INFO - Number of battles: 51
2025-11-06 19:30:32,820 - __main__ - INFO - 200 - OK
2025-11-06 19:42:27,544 - __main__ - INFO - Number of battles: 51
2025-11-06 19:42:27,544 - __main__ - INFO - 200 - OK
2025-11-06 19:53:38,049 - __main__ - INFO - Number of battles: 51
2025-11-06 19:53:38,049 - __main__ - INFO - 200 - OK
2025-11-06 20:20:57,818 - __main__ - INFO - Number of battles: 51
2025-11-06 20:20:57,818 - __main__ - INFO - 200 - OK
2025-11-06 20:40:20,674 - __main__ - INFO - Number of battles: 51
2025-11-06 20:40:20,674 - __main__ - INFO - 200 - OK
2025-11-06 20:52:51,431 - __main__ - INFO - Number of battles: 51
2025-11-06 20:52:51,431 - __main__ - INFO - 200 - OK
2025-11-06 21:15:19,317 - __main__ - INFO - Number of battles: 51
2025-11-06 21:15:19,317 - __main__ - INFO - 200 - OK
2025-11-06 21:32:01,672 - __main__ - INFO - Number of battles: 51
2025-11-06 21:32:01,672 - __main__ - INFO - 200 - OK
2025-11-06 21:44:09,162 - __main__ - INFO - Number of battles: 51
2025-11-06 21:44:09,162 - __main__ - INFO - 200 - OK
2025-11-06 21:56:05,407 - __main__ - INFO - Number of battles: 51
2025-11-06 21:56:05,407 - __main__ - INFO - 200 - OK
2025-11-06 22:23:13,283 - __main__ - INFO - Number of battles: 51
2025-11-06 22:23:13,283 - __main__ - INFO - 200 - OK
2025-11-06 22:40:51,019 - __main__ - INFO - Number of battles: 51
2025-11-06 22:40:51,020 - __main__ - INFO - 200 - OK
2025-11-06 22:52:25,665 - __main__ - INFO - Number of battles: 51
2025-11-06 22:52:25,665 - __main__ - INFO - 200 - OK
2025-11-06 23:14:24,084 - __main__ - INFO - Number of battles: 51
2025-11-06 23:14:24,084 - __main__ - INFO - 200 - OK
2025-11-06 23:31:23,353 - __main__ - INFO - Number of battles: 51
2025-11-06 23:31:23,353 - __main__ - INFO - 200 - OK
2025-11-06 23:43:36,464 - __main__ - INFO - Number of battles: 51
2025-11-06 23:43:36,465 - __main__ - INFO - 200 - OK
2025-11-06 23:55:07,494 - __main__ - INFO - Number of battles: 51
2025-11-06 23:55:07,495 - __main__ - INFO - 200 - OK
2025-11-07 01:45:54,323 - __main__ - INFO - Number of battles: 51
2025-11-07 01:45:54,323 - __main__ - INFO - 200 - OK
2025-11-07 03:03:07,340 - __main__ - INFO - Number of battles: 51
2025-11-07 03:03:07,341 - __main__ - INFO - 200 - OK
2025-11-07 03:49:09,123 - __main__ - INFO - Number of battles: 51
2025-11-07 03:49:09,123 - __main__ - INFO - 200 - OK
2025-11-07 04:11:17,192 - __main__ - INFO - Number of battles: 51
2025-11-07 04:11:17,192 - __main__ - INFO - 200 - OK
2025-11-07 04:37:28,347 - __main__ - INFO - Number of battles: 51
2025-11-07 04:37:28,348 - __main__ - INFO - 200 - OK
2025-11-07 04:51:23,569 - __main__ - INFO - Number of battles: 51
2025-11-07 04:51:23,569 - __main__ - INFO - 200 - OK
2025-11-07 05:14:08,446 - __main__ - INFO - Number of battles: 51
2025-11-07 05:14:08,446 - __main__ - INFO - 200 - OK
2025-11-07 05:36:22,318 - __main__ - INFO - Number of battles: 51
2025-11-07 05:36:22,318 - __main__ - INFO - 200 - OK
2025-11-07 05:48:30,736 - __main__ - INFO - Number of battles: 51
2025-11-07 05:48:30,736 - __main__ - INFO - 200 - OK
2025-11-07 06:00:02,583 - __main__ - INFO - Number of battles: 51
2025-11-07 06:00:02,583 - __main__ - INFO - 200 - OK
2025-11-07 06:40:34,305 - __main__ - INFO - Number of battles: 51
2025-11-07 06:40:34,305 - __main__ - INFO - 200 - OK
2025-11-07 06:57:19,650 - __main__ - INFO - Number of battles: 51
2025-11-07 06:57:19,650 - __main__ - INFO - 200 - OK
2025-11-07 07:25:40,817 - __main__ - INFO - Number of battles: 51
2025-11-07 07:25:40,818 - __main__ - INFO - 200 - OK
2025-11-07 07:40:37,844 - __main__ - INFO - Number of battles: 51
2025-11-07 07:40:37,844 - __main__ - INFO - 200 - OK
2025-11-07 07:52:18,538 - __main__ - INFO - Number of battles: 51
2025-11-07 07:52:18,539 - __main__ - INFO - 200 - OK
2025-11-07 08:21:12,355 - __main__ - INFO - Number of battles: 51
2025-11-07 08:21:12,356 - __main__ - INFO - 200 - OK
2025-11-07 08:46:09,255 - __main__ - INFO - Number of battles: 51
2025-11-07 08:46:09,255 - __main__ - INFO - 200 - OK
2025-11-07 08:59:30,301 - __main__ - INFO - Number of battles: 51
2025-11-07 08:59:30,301 - __main__ - INFO - 200 - OK
2025-11-07 09:29:04,466 - __main__ - INFO - Number of battles: 51
2025-11-07 09:29:04,466 - __main__ - INFO - 200 - OK
2025-11-07 09:44:30,602 - __main__ - INFO - Number of battles: 51
2025-11-07 09:44:30,603 - __main__ - INFO - 200 - OK
2025-11-07 09:56:07,797 - __main__ - INFO - Number of battles: 51
2025-11-07 09:56:07,797 - __main__ - INFO - 200 - OK
2025-11-07 10:27:01,979 - __main__ - INFO - Number of battles: 51
2025-11-07 10:27:01,979 - __main__ - INFO - 200 - OK
2025-11-07 10:46:13,339 - __main__ - INFO - Number of battles: 51
2025-11-07 10:46:13,339 - __main__ - INFO - 200 - OK
2025-11-07 10:58:08,024 - __main__ - INFO - Number of battles: 51
2025-11-07 10:58:08,024 - __main__ - INFO - 200 - OK
2025-11-07 11:23:36,085 - __main__ - INFO - Number of battles: 51
2025-11-07 11:23:36,085 - __main__ - INFO - 200 - OK
2025-11-07 11:37:40,767 - __main__ - INFO - Number of battles: 51
2025-11-07 11:37:40,767 - __main__ - INFO - 200 - OK
2025-11-07 11:49:35,894 - __main__ - INFO - Number of battles: 51
2025-11-07 11:49:35,895 - __main__ - INFO - 200 - OK
2025-11-07 12:17:55,647 - __main__ - INFO - Number of battles: 51
2025-11-07 12:17:55,648 - __main__ - INFO - 200 - OK
2025-11-07 13:01:47,042 - __main__ - INFO - Number of battles: 51
2025-11-07 13:01:47,042 - __main__ - INFO - 200 - OK
2025-11-07 13:35:40,241 - __main__ - INFO - Number of battles: 51
2025-11-07 13:35:40,241 - __main__ - INFO - 200 - OK
2025-11-07 13:49:24,008 - __main__ - INFO - Number of battles: 51
2025-11-07 13:49:24,008 - __main__ - INFO - 200 - OK
2025-11-07 14:09:21,605 - __main__ - INFO - Number of battles: 51
2025-11-07 14:09:21,605 - __main__ - INFO - 200 - OK
2025-11-07 14:34:18,932 - __main__ - INFO - Number of battles: 51
2025-11-07 14:34:18,932 - __main__ - INFO - 200 - OK
2025-11-07 14:48:18,516 - __main__ - INFO - Number of battles: 51
2025-11-07 14:48:18,516 - __main__ - INFO - 200 - OK
2025-11-07 14:59:47,645 - __main__ - INFO - Number of battles: 51
2025-11-07 14:59:47,645 - __main__ - INFO - 200 - OK
2025-11-07 15:29:14,663 - __main__ - INFO - Number of battles: 51
2025-11-07 15:29:14,663 - __main__ - INFO - 200 - OK
2025-11-07 15:44:52,131 - __main__ - INFO - Number of battles: 51
2025-11-07 15:44:52,131 - __main__ - INFO - 200 - OK
2025-11-07 15:56:17,080 - __main__ - INFO - Number of battles: 51
2025-11-07 15:56:17,080 - __main__ - INFO - 200 - OK
2025-11-07 16:28:10,509 - __main__ - INFO - Number of battles: 51
2025-11-07 16:28:10,510 - __main__ - INFO - 200 - OK
2025-11-07 16:47:50,755 - __main__ - INFO - Number of battles: 51
2025-11-07 16:47:50,756 - __main__ - INFO - 200 - OK
2025-11-07 16:59:51,921 - __main__ - INFO - Number of battles: 51
2025-11-07 16:59:51,921 - __main__ - INFO - 200 - OK
2025-11-07 17:25:25,177 - __main__ - INFO - Number of battles: 51
2025-11-07 17:25:25,177 - __main__ - INFO - 200 - OK
2025-11-07 17:41:21,966 - __main__ - INFO - Number of battles: 51
2025-11-07 17:41:21,966 - __main__ - INFO - 200 - OK
2025-11-07 17:53:16,709 - __main__ - INFO - Number of battles: 51
2025-11-07 17:53:16,709 - __main__ - INFO - 200 - OK
2025-11-07 18:25:08,011 - __main__ - INFO - Number of battles: 51
2025-11-07 18:25:08,011 - __main__ - INFO - 200 - OK
2025-11-07 18:46:54,999 - __main__ - INFO - Number of battles: 51
2025-11-07 18:46:54,999 - __main__ - INFO - 200 - OK
2025-11-07 18:58:17,394 - __main__ - INFO - Number of battles: 51
2025-11-07 18:58:17,394 - __main__ - INFO - 200 - OK
2025-11-07 19:22:18,929 - __main__ - INFO - Number of battles: 51
2025-11-07 19:22:18,929 - __main__ - INFO - 200 - OK
2025-11-07 19:35:44,701 - __main__ - INFO - Number of battles: 51
2025-11-07 19:35:44,701 - __main__ - INFO - 200 - OK
2025-11-07 19:47:53,452 - __main__ - INFO - Number of battles: 51
2025-11-07 19:47:53,453 - __main__ - INFO - 200 - OK
2025-11-07 19:59:09,164 - __main__ - INFO - Number of battles: 51
2025-11-07 19:59:09,164 - __main__ - INFO - 200 - OK
2025-11-07 20:26:48,805 - __main__ - INFO - Number of battles: 51
2025-11-07 20:26:48,805 - __main__ - INFO - 200 - OK
2025-11-07 20:42:11,988 - __main__ - INFO - Number of battles: 51
2025-11-07 20:42:11,989 - __main__ - INFO - 200 - OK
2025-11-07 20:54:09,095 - __main__ - INFO - Number of battles: 51
2025-11-07 20:54:09,095 - __main__ - INFO - 200 - OK
2025-11-07 21:14:32,566 - __main__ - INFO - Number of battles: 51
2025-11-07 21:14:32,566 - __main__ - INFO - 200 - OK
2025-11-07 21:28:54,467 - __main__ - INFO - Number of battles: 51
2025-11-07 21:28:54,467 - __main__ - INFO - 200 - OK
2025-11-07 21:41:39,351 - __main__ - INFO - Number of battles: 51
2025-11-07 21:41:39,351 - __main__ - INFO - 200 - OK
2025-11-07 21:53:11,740 - __main__ - INFO - Number of battles: 51
2025-11-07 21:53:11,740 - __main__ - INFO - 200 - OK
2025-11-07 22:16:09,734 - __main__ - INFO - Number of battles: 51
2025-11-07 22:16:09,734 - __main__ - INFO - 200 - OK
2025-11-07 22:35:27,259 - __main__ - INFO - Number of battles: 51
2025-11-07 22:35:27,260 - __main__ - INFO - 200 - OK
2025-11-07 22:47:25,330 - __main__ - INFO - Number of battles: 51
2025-11-07 22:47:25,330 - __main__ - INFO - 200 - OK
2025-11-07 22:58:42,772 - __main__ - INFO - Number of battles: 51
2025-11-07 22:58:42,772 - __main__ - INFO - 200 - OK
2025-11-07 23:23:56,086 - __main__ - INFO - Number of battles: 51
2025-11-07 23:23:56,086 - __main__ - INFO - 200 - OK
2025-11-07 23:37:40,509 - __main__ - INFO - Number of battles: 51
2025-11-07 23:37:40,509 - __main__ - INFO - 200 - OK
2025-11-07 23:49:15,014 - __main__ - INFO - Number of battles: 51
2025-11-07 23:49:15,014 - __main__ - INFO - 200 - OK
2025-11-08 00:39:18,960 - __main__ - INFO - Number of battles: 51
2025-11-08 00:39:18,960 - __main__ - INFO - 200 - OK
2025-11-08 02:14:28,757 - __main__ - INFO - Number of battles: 51
2025-11-08 02:14:28,757 - __main__ - INFO - 200 - OK
2025-11-08 03:13:23,286 - __main__ - INFO - Number of battles: 51
2025-11-08 03:13:23,286 - __main__ - INFO - 200 - OK
2025-11-08 03:45:27,732 - __main__ - INFO - Number of battles: 51
2025-11-08 03:45:27,732 - __main__ - INFO - 200 - OK
2025-11-08 03:57:28,408 - __main__ - INFO - Number of battles: 51
2025-11-08 03:57:28,408 - __main__ - INFO - 200 - OK
2025-11-08 04:29:27,398 - __main__ - INFO - Number of battles: 51
2025-11-08 04:29:27,398 - __main__ - INFO - 200 - OK
2025-11-08 04:45:32,217 - __main__ - INFO - Number of battles: 51
2025-11-08 04:45:32,217 - __main__ - INFO - 200 - OK
2025-11-08 04:56:50,930 - __main__ - INFO - Number of battles: 51
2025-11-08 04:56:50,930 - __main__ - INFO - 200 - OK
2025-11-08 05:24:28,085 - __main__ - INFO - Number of battles: 51
2025-11-08 05:24:28,085 - __main__ - INFO - 200 - OK
2025-11-08 05:39:59,952 - __main__ - INFO - Number of battles: 51
2025-11-08 05:39:59,953 - __main__ - INFO - 200 - OK
2025-11-08 05:51:48,411 - __main__ - INFO - Number of battles: 51
2025-11-08 05:51:48,411 - __main__ - INFO - 200 - OK
2025-11-08 06:19:28,620 - __main__ - INFO - Number of battles: 51
2025-11-08 06:19:28,620 - __main__ - INFO - 200 - OK
2025-11-08 06:44:19,776 - __main__ - INFO - Number of battles: 51
2025-11-08 06:44:19,776 - __main__ - INFO - 200 - OK
2025-11-08 06:56:11,761 - __main__ - INFO - Number of battles: 51
2025-11-08 06:56:11,762 - __main__ - INFO - 200 - OK
2025-11-08 07:21:24,138 - __main__ - INFO - Number of battles: 51
2025-11-08 07:21:24,138 - __main__ - INFO - 200 - OK
2025-11-08 07:34:06,757 - __main__ - INFO - Number of battles: 51
2025-11-08 07:34:06,757 - __main__ - INFO - 200 - OK
2025-11-08 07:45:19,053 - __main__ - INFO - Number of battles: 51
2025-11-08 07:45:19,053 - __main__ - INFO - 200 - OK
2025-11-08 07:56:31,187 - __main__ - INFO - Number of battles: 51
2025-11-08 07:56:31,187 - __main__ - INFO - 200 - OK
2025-11-08 08:30:14,944 - __main__ - INFO - Number of battles: 51
2025-11-08 08:30:14,944 - __main__ - INFO - 200 - OK
2025-11-08 08:47:22,068 - __main__ - INFO - Number of battles: 51
2025-11-08 08:47:22,068 - __main__ - INFO - 200 - OK
2025-11-08 08:58:45,761 - __main__ - INFO - Number of battles: 51
2025-11-08 08:58:45,762 - __main__ - INFO - 200 - OK
2025-11-08 09:25:01,851 - __main__ - INFO - Number of battles: 51
2025-11-08 09:25:01,851 - __main__ - INFO - 200 - OK
2025-11-08 09:38:37,443 - __main__ - INFO - Number of battles: 51
2025-11-08 09:38:37,444 - __main__ - INFO - 200 - OK
2025-11-08 09:50:32,868 - __main__ - INFO - Number of battles: 51
2025-11-08 09:50:32,868 - __main__ - INFO - 200 - OK
2025-11-08 10:10:25,975 - __main__ - INFO - Number of battles: 51
2025-11-08 10:10:25,975 - __main__ - INFO - 200 - OK
2025-11-08 10:32:48,310 - __main__ - INFO - Number of battles: 51
2025-11-08 10:32:48,310 - __main__ - INFO - 200 - OK
2025-11-08 10:44:39,506 - __main__ - INFO - Number of battles: 51
2025-11-08 10:44:39,506 - __main__ - INFO - 200 - OK
2025-11-08 10:56:25,414 - __main__ - INFO - Number of battles: 51
2025-11-08 10:56:25,414 - __main__ - INFO - 200 - OK
2025-11-08 11:19:01,269 - __main__ - INFO - Number of battles: 51
2025-11-08 11:19:01,269 - __main__ - INFO - 200 - OK
2025-11-08 11:30:21,394 - __main__ - INFO - Number of battles: 51
2025-11-08 11:30:21,394 - __main__ - INFO - 200 - OK
2025-11-08 11:41:43,588 - __main__ - INFO - Number of battles: 51
2025-11-08 11:41:43,588 - __main__ - INFO - 200 - OK
2025-11-08 11:53:30,519 - __main__ - INFO - Number of battles: 51
2025-11-08 11:53:30,519 - __main__ - INFO - 200 - OK
2025-11-08 12:33:23,096 - __main__ - INFO - Number of battles: 51
2025-11-08 12:33:23,096 - __main__ - INFO - 200 - OK
2025-11-08 13:03:06,485 - __main__ - INFO - Number of battles: 51
2025-11-08 13:03:06,486 - __main__ - INFO - 200 - OK
2025-11-08 13:31:07,846 - __main__ - INFO - Number of battles: 51
2025-11-08 13:31:07,846 - __main__ - INFO - 200 - OK
2025-11-08 13:42:57,481 - __main__ - INFO - Number of battles: 51
2025-11-08 13:42:57,481 - __main__ - INFO - 200 - OK
2025-11-08 13:54:34,508 - __main__ - INFO - Number of battles: 51
2025-11-08 13:54:34,508 - __main__ - INFO - 200 - OK
2025-11-08 14:17:12,002 - __main__ - INFO - Number of battles: 51
2025-11-08 14:17:12,003 - __main__ - INFO - 200 - OK
2025-11-08 14:33:47,711 - __main__ - INFO - Number of battles: 51
2025-11-08 14:33:47,712 - __main__ - INFO - 200 - OK
2025-11-08 14:45:06,250 - __main__ - INFO - Number of battles: 51
2025-11-08 14:45:06,250 - __main__ - INFO - 200 - OK
2025-11-08 14:56:30,193 - __main__ - INFO - Number of battles: 51
2025-11-08 14:56:30,193 - __main__ - INFO - 200 - OK
2025-11-08 15:22:35,550 - __main__ - INFO - Number of battles: 51
2025-11-08 15:22:35,550 - __main__ - INFO - 200 - OK
2025-11-08 15:36:36,021 - __main__ - INFO - Number of battles: 51
2025-11-08 15:36:36,021 - __main__ - INFO - 200 - OK
2025-11-08 15:48:26,308 - __main__ - INFO - Number of battles: 51
2025-11-08 15:48:26,308 - __main__ - INFO - 200 - OK
2025-11-08 15:59:46,003 - __main__ - INFO - Number of battles: 51
2025-11-08 15:59:46,003 - __main__ - INFO - 200 - OK
2025-11-08 16:31:16,153 - __main__ - INFO - Number of battles: 51
2025-11-08 16:31:16,153 - __main__ - INFO - 200 - OK
2025-11-08 16:46:50,704 - __main__ - INFO - Number of battles: 51
2025-11-08 16:46:50,704 - __main__ - INFO - 200 - OK
2025-11-08 16:58:43,187 - __main__ - INFO - Number of battles: 51
2025-11-08 16:58:43,187 - __main__ - INFO - 200 - OK
2025-11-08 17:21:55,204 - __main__ - INFO - Number of battles: 51
2025-11-08 17:21:55,204 - __main__ - INFO - 200 - OK
2025-11-08 17:36:21,332 - __main__ - INFO - Number of battles: 51
2025-11-08 17:36:21,332 - __main__ - INFO - 200 - OK
2025-11-08 17:48:12,100 - __main__ - INFO - Number of battles: 51
2025-11-08 17:48:12,100 - __main__ - INFO - 200 - OK
2025-11-08 17:59:56,201 - __main__ - INFO - Number of battles: 51
2025-11-08 17:59:56,201 - __main__ - INFO - 200 - OK
2025-11-08 18:35:20,033 - __main__ - INFO - Number of battles: 51
2025-11-08 18:35:20,033 - __main__ - INFO - 200 - OK
2025-11-08 18:50:50,124 - __main__ - INFO - Number of battles: 51
2025-11-08 18:50:50,124 - __main__ - INFO - 200 - OK
2025-11-08 19:08:45,140 - __main__ - INFO - Number of battles: 51
2025-11-08 19:08:45,140 - __main__ - INFO - 200 - OK
2025-11-08 19:24:01,404 - __main__ - INFO - Number of battles: 51
2025-11-08 19:24:01,405 - __main__ - INFO - 200 - OK
2025-11-08 19:37:26,244 - __main__ - INFO - Number of battles: 51
2025-11-08 19:37:26,244 - __main__ - INFO - 200 - OK
2025-11-08 19:49:07,613 - __main__ - INFO - Number of battles: 51
2025-11-08 19:49:07,613 - __main__ - INFO - 200 - OK
2025-11-08 20:00:57,673 - __main__ - INFO - Number of battles: 51
2025-11-08 20:00:57,674 - __main__ - INFO - 200 - OK
2025-11-08 20:26:57,455 - __main__ - INFO - Number of battles: 51
2025-11-08 20:26:57,455 - __main__ - INFO - 200 - OK
2025-11-08 20:40:53,597 - __main__ - INFO - Number of battles: 51
2025-11-08 20:40:53,597 - __main__ - INFO - 200 - OK
2025-11-08 20:52:44,755 - __main__ - INFO - Number of battles: 51
2025-11-08 20:52:44,755 - __main__ - INFO - 200 - OK
2025-11-08 21:13:02,107 - __main__ - INFO - Number of battles: 51
2025-11-08 21:13:02,107 - __main__ - INFO - 200 - OK
2025-11-08 21:28:10,111 - __main__ - INFO - Number of battles: 51
2025-11-08 21:28:10,111 - __main__ - INFO - 200 - OK
2025-11-08 21:40:06,151 - __main__ - INFO - Number of battles: 51
2025-11-08 21:40:06,151 - __main__ - INFO - 200 - OK
2025-11-08 21:51:54,489 - __main__ - INFO - Number of battles: 51
2025-11-08 21:51:54,489 - __main__ - INFO - 200 - OK
2025-11-08 22:12:08,017 - __main__ - INFO - Number of battles: 51
2025-11-08 22:12:08,017 - __main__ - INFO - 200 - OK
2025-11-08 22:31:47,594 - __main__ - INFO - Number of battles: 51
2025-11-08 22:31:47,594 - __main__ - INFO - 200 - OK
2025-11-08 22:43:34,909 - __main__ - INFO - Number of battles: 51
2025-11-08 22:43:34,909 - __main__ - INFO - 200 - OK
2025-11-08 22:54:49,050 - __main__ - INFO - Number of battles: 51
2025-11-08 22:54:49,051 - __main__ - INFO - 200 - OK
2025-11-08 22:54:49,051 - __main__ - INFO - fightId: 282522772 started 2025-11-08T22:34:05.983928900Z end ended 2025-11-08T22:34:55.801873500Z
2025-11-08 22:54:49,051 - __main__ - INFO - Total players found in guild: 32
2025-11-08 23:18:00,947 - __main__ - INFO - Number of battles: 51
2025-11-08 23:18:00,948 - __main__ - INFO - 200 - OK
2025-11-08 23:30:26,373 - __main__ - INFO - Number of battles: 51
2025-11-08 23:30:26,373 - __main__ - INFO - 200 - OK
2025-11-08 23:42:22,893 - __main__ - INFO - Number of battles: 51
2025-11-08 23:42:22,894 - __main__ - INFO - 200 - OK
2025-11-08 23:53:50,630 - __main__ - INFO - Number of battles: 51
2025-11-08 23:53:50,630 - __main__ - INFO - 200 - OK
2025-11-09 01:37:10,737 - __main__ - INFO - Number of battles: 51
2025-11-09 01:37:10,737 - __main__ - INFO - 200 - OK
2025-11-09 03:04:16,619 - __main__ - INFO - Number of battles: 51
2025-11-09 03:04:16,620 - __main__ - INFO - 200 - OK
2025-11-09 03:49:48,599 - __main__ - INFO - Number of battles: 51
2025-11-09 03:49:48,599 - __main__ - INFO - 200 - OK
2025-11-09 04:12:33,828 - __main__ - INFO - Number of battles: 51
2025-11-09 04:12:33,828 - __main__ - INFO - 200 - OK
2025-11-09 04:36:53,761 - __main__ - INFO - Number of battles: 51
2025-11-09 04:36:53,761 - __main__ - INFO - 200 - OK
2025-11-09 04:50:14,165 - __main__ - INFO - Number of battles: 51
2025-11-09 04:50:14,165 - __main__ - INFO - 200 - OK
2025-11-09 05:10:25,652 - __main__ - INFO - Number of battles: 51
2025-11-09 05:10:25,652 - __main__ - INFO - 200 - OK
2025-11-09 05:32:18,312 - __main__ - INFO - Number of battles: 51
2025-11-09 05:32:18,312 - __main__ - INFO - 200 - OK
2025-11-09 05:44:35,642 - __main__ - INFO - Number of battles: 51
2025-11-09 05:44:35,642 - __main__ - INFO - 200 - OK
2025-11-09 05:56:10,821 - __main__ - INFO - Number of battles: 51
2025-11-09 05:56:10,821 - __main__ - INFO - 200 - OK
2025-11-09 06:33:48,259 - __main__ - INFO - Number of battles: 51
2025-11-09 06:33:48,259 - __main__ - INFO - 200 - OK
2025-11-09 06:50:50,880 - __main__ - INFO - Number of battles: 51
2025-11-09 06:50:50,880 - __main__ - INFO - 200 - OK
2025-11-09 07:11:25,130 - __main__ - INFO - Number of battles: 51
2025-11-09 07:11:25,130 - __main__ - INFO - 200 - OK
2025-11-09 07:28:54,387 - __main__ - INFO - Number of battles: 51
2025-11-09 07:28:54,387 - __main__ - INFO - 200 - OK
2025-11-09 07:40:45,988 - __main__ - INFO - Number of battles: 51
2025-11-09 07:40:45,989 - __main__ - INFO - 200 - OK
2025-11-09 07:52:16,245 - __main__ - INFO - Number of battles: 51
2025-11-09 07:52:16,246 - __main__ - INFO - 200 - OK
2025-11-09 08:17:39,386 - __main__ - INFO - Number of battles: 51
2025-11-09 08:17:39,386 - __main__ - INFO - 200 - OK
2025-11-09 08:38:24,912 - __main__ - INFO - Number of battles: 51
2025-11-09 08:38:24,912 - __main__ - INFO - 200 - OK
2025-11-09 08:50:49,310 - __main__ - INFO - Number of battles: 51
2025-11-09 08:50:49,310 - __main__ - INFO - 200 - OK
2025-11-09 09:11:04,744 - __main__ - INFO - Number of battles: 51
2025-11-09 09:11:04,744 - __main__ - INFO - 200 - OK
2025-11-09 09:28:53,726 - __main__ - INFO - Number of battles: 51
2025-11-09 09:28:53,727 - __main__ - INFO - 200 - OK
2025-11-09 09:41:15,598 - __main__ - INFO - Number of battles: 51
2025-11-09 09:41:15,598 - __main__ - INFO - 200 - OK
2025-11-09 09:52:58,243 - __main__ - INFO - Number of battles: 51
2025-11-09 09:52:58,243 - __main__ - INFO - 200 - OK
2025-11-09 10:15:45,785 - __main__ - INFO - Number of battles: 51
2025-11-09 10:15:45,786 - __main__ - INFO - 200 - OK
2025-11-09 10:34:48,172 - __main__ - INFO - Number of battles: 51
2025-11-09 10:34:48,172 - __main__ - INFO - 200 - OK
2025-11-09 10:46:41,385 - __main__ - INFO - Number of battles: 51
2025-11-09 10:46:41,385 - __main__ - INFO - 200 - OK
2025-11-09 10:58:25,096 - __main__ - INFO - Number of battles: 51
2025-11-09 10:58:25,096 - __main__ - INFO - 200 - OK
2025-11-09 11:19:48,970 - __main__ - INFO - Number of battles: 51
2025-11-09 11:19:48,970 - __main__ - INFO - 200 - OK
2025-11-09 11:31:59,538 - __main__ - INFO - Number of battles: 51
2025-11-09 11:31:59,538 - __main__ - INFO - 200 - OK
2025-11-09 11:43:28,907 - __main__ - INFO - Number of battles: 51
2025-11-09 11:43:28,908 - __main__ - INFO - 200 - OK
2025-11-09 11:55:17,390 - __main__ - INFO - Number of battles: 51
2025-11-09 11:55:17,390 - __main__ - INFO - 200 - OK
2025-11-09 12:41:07,779 - __main__ - INFO - Number of battles: 51
2025-11-09 12:41:07,780 - __main__ - INFO - 200 - OK
2025-11-09 13:12:21,707 - __main__ - INFO - Number of battles: 51
2025-11-09 13:12:21,707 - __main__ - INFO - 200 - OK
2025-11-09 13:33:51,595 - __main__ - INFO - Number of battles: 51
2025-11-09 13:33:51,595 - __main__ - INFO - 200 - OK
2025-11-09 13:45:27,759 - __main__ - INFO - Number of battles: 51
2025-11-09 13:45:27,759 - __main__ - INFO - 200 - OK
2025-11-09 13:57:09,222 - __main__ - INFO - Number of battles: 51
2025-11-09 13:57:09,222 - __main__ - INFO - 200 - OK
2025-11-09 14:21:31,737 - __main__ - INFO - Number of battles: 51
2025-11-09 14:21:31,737 - __main__ - INFO - 200 - OK
2025-11-09 14:36:06,132 - __main__ - INFO - Number of battles: 51
2025-11-09 14:36:06,132 - __main__ - INFO - 200 - OK
2025-11-09 14:48:04,153 - __main__ - INFO - Number of battles: 51
2025-11-09 14:48:04,153 - __main__ - INFO - 200 - OK
2025-11-09 14:59:42,509 - __main__ - INFO - Number of battles: 51
2025-11-09 14:59:42,510 - __main__ - INFO - 200 - OK
2025-11-09 15:24:35,449 - __main__ - INFO - Number of battles: 51
2025-11-09 15:24:35,449 - __main__ - INFO - 200 - OK
2025-11-09 15:37:56,904 - __main__ - INFO - Number of battles: 51
2025-11-09 15:37:56,904 - __main__ - INFO - 200 - OK
2025-11-09 15:49:20,700 - __main__ - INFO - Number of battles: 51
2025-11-09 15:49:20,700 - __main__ - INFO - 200 - OK
2025-11-09 16:09:02,666 - __main__ - INFO - Number of battles: 51
2025-11-09 16:09:02,666 - __main__ - INFO - 200 - OK
2025-11-09 16:34:01,317 - __main__ - INFO - Number of battles: 51
2025-11-09 16:34:01,317 - __main__ - INFO - 200 - OK
2025-11-09 16:47:52,545 - __main__ - INFO - Number of battles: 51
2025-11-09 16:47:52,545 - __main__ - INFO - 200 - OK
2025-11-09 16:59:34,893 - __main__ - INFO - Number of battles: 51
2025-11-09 16:59:34,893 - __main__ - INFO - 200 - OK
2025-11-09 17:22:38,408 - __main__ - INFO - Number of battles: 51
2025-11-09 17:22:38,408 - __main__ - INFO - 200 - OK
2025-11-09 17:36:39,622 - __main__ - INFO - Number of battles: 51
2025-11-09 17:36:39,622 - __main__ - INFO - 200 - OK
2025-11-09 17:48:07,289 - __main__ - INFO - Number of battles: 51
2025-11-09 17:48:07,290 - __main__ - INFO - 200 - OK
2025-11-09 17:59:33,724 - __main__ - INFO - Number of battles: 51
2025-11-09 17:59:33,724 - __main__ - INFO - 200 - OK
2025-11-09 18:34:12,709 - __main__ - INFO - Number of battles: 51
2025-11-09 18:34:12,709 - __main__ - INFO - 200 - OK
2025-11-09 18:48:03,128 - __main__ - INFO - Number of battles: 51
2025-11-09 18:48:03,129 - __main__ - INFO - 200 - OK
2025-11-09 18:59:31,110 - __main__ - INFO - Number of battles: 51
2025-11-09 18:59:31,110 - __main__ - INFO - 200 - OK
2025-11-09 19:19:23,578 - __main__ - INFO - Number of battles: 51
2025-11-09 19:19:23,578 - __main__ - INFO - 200 - OK
2025-11-09 19:31:16,173 - __main__ - INFO - Number of battles: 51
2025-11-09 19:31:16,173 - __main__ - INFO - 200 - OK
2025-11-09 19:43:09,092 - __main__ - INFO - Number of battles: 51
2025-11-09 19:43:09,092 - __main__ - INFO - 200 - OK
2025-11-09 19:54:31,211 - __main__ - INFO - Number of battles: 51
2025-11-09 19:54:31,211 - __main__ - INFO - 200 - OK
2025-11-09 20:20:20,886 - __main__ - INFO - Number of battles: 51
2025-11-09 20:20:20,886 - __main__ - INFO - 200 - OK
2025-11-09 20:35:39,819 - __main__ - INFO - Number of battles: 51
2025-11-09 20:35:39,819 - __main__ - INFO - 200 - OK
2025-11-09 20:47:31,997 - __main__ - INFO - Number of battles: 51
2025-11-09 20:47:31,997 - __main__ - INFO - 200 - OK
2025-11-09 20:58:40,895 - __main__ - INFO - Number of battles: 51
2025-11-09 20:58:40,896 - __main__ - INFO - 200 - OK
2025-11-09 21:22:23,636 - __main__ - INFO - Number of battles: 51
2025-11-09 21:22:23,636 - __main__ - INFO - 200 - OK
2025-11-09 21:22:23,637 - __main__ - INFO - fightId: 283012443 started 2025-11-09T20:46:00.054680700Z end ended 2025-11-09T20:46:35.913842400Z
2025-11-09 21:22:23,637 - __main__ - INFO - Total players found in guild: 16
2025-11-09 21:35:21,996 - __main__ - INFO - Number of battles: 51
2025-11-09 21:35:21,996 - __main__ - INFO - 200 - OK
2025-11-09 21:47:18,165 - __main__ - INFO - Number of battles: 51
2025-11-09 21:47:18,165 - __main__ - INFO - 200 - OK
2025-11-09 21:58:27,383 - __main__ - INFO - Number of battles: 51
2025-11-09 21:58:27,383 - __main__ - INFO - 200 - OK
2025-11-09 22:25:17,550 - __main__ - INFO - Number of battles: 51
2025-11-09 22:25:17,550 - __main__ - INFO - 200 - OK
2025-11-09 22:40:42,147 - __main__ - INFO - Number of battles: 51
2025-11-09 22:40:42,148 - __main__ - INFO - 200 - OK
2025-11-09 22:52:43,069 - __main__ - INFO - Number of battles: 51
2025-11-09 22:52:43,069 - __main__ - INFO - 200 - OK
2025-11-09 23:13:50,308 - __main__ - INFO - Number of battles: 51
2025-11-09 23:13:50,309 - __main__ - INFO - 200 - OK
2025-11-09 23:29:56,042 - __main__ - INFO - Number of battles: 51
2025-11-09 23:29:56,042 - __main__ - INFO - 200 - OK
2025-11-09 23:42:40,001 - __main__ - INFO - Number of battles: 51
2025-11-09 23:42:40,001 - __main__ - INFO - 200 - OK
2025-11-09 23:53:51,272 - __main__ - INFO - Number of battles: 51
2025-11-09 23:53:51,272 - __main__ - INFO - 200 - OK
2025-11-10 01:38:46,242 - __main__ - INFO - Number of battles: 51
2025-11-10 01:38:46,242 - __main__ - INFO - 200 - OK
2025-11-10 03:09:56,671 - __main__ - INFO - Number of battles: 51
2025-11-10 03:09:56,671 - __main__ - INFO - 200 - OK
2025-11-10 03:57:44,993 - __main__ - INFO - Number of battles: 51
2025-11-10 03:57:44,994 - __main__ - INFO - 200 - OK
2025-11-10 04:34:37,739 - __main__ - INFO - Number of battles: 51
2025-11-10 04:34:37,739 - __main__ - INFO - 200 - OK
2025-11-10 04:51:54,937 - __main__ - INFO - Number of battles: 51
2025-11-10 04:51:54,937 - __main__ - INFO - 200 - OK
2025-11-10 05:15:44,143 - __main__ - INFO - Number of battles: 51
2025-11-10 05:15:44,143 - __main__ - INFO - 200 - OK
2025-11-10 05:38:20,674 - __main__ - INFO - Number of battles: 51
2025-11-10 05:38:20,674 - __main__ - INFO - 200 - OK
2025-11-10 05:50:16,273 - __main__ - INFO - Number of battles: 51
2025-11-10 05:50:16,273 - __main__ - INFO - 200 - OK
2025-11-10 06:18:40,162 - __main__ - INFO - Number of battles: 51
2025-11-10 06:18:40,162 - __main__ - INFO - 200 - OK
2025-11-10 06:49:20,014 - __main__ - INFO - Number of battles: 51
2025-11-10 06:49:20,014 - __main__ - INFO - 200 - OK
2025-11-10 07:10:19,375 - __main__ - INFO - Number of battles: 51
2025-11-10 07:10:19,375 - __main__ - INFO - 200 - OK
2025-11-10 07:31:03,930 - __main__ - INFO - Number of battles: 51
2025-11-10 07:31:03,930 - __main__ - INFO - 200 - OK
2025-11-10 07:44:26,430 - __main__ - INFO - Number of battles: 51
2025-11-10 07:44:26,430 - __main__ - INFO - 200 - OK
2025-11-10 07:56:21,963 - __main__ - INFO - Number of battles: 51
2025-11-10 07:56:21,963 - __main__ - INFO - 200 - OK
2025-11-10 08:35:17,152 - __main__ - INFO - Number of battles: 51
2025-11-10 08:35:17,152 - __main__ - INFO - 200 - OK
2025-11-10 08:54:30,345 - __main__ - INFO - Number of battles: 51
2025-11-10 08:54:30,345 - __main__ - INFO - 200 - OK
2025-11-10 09:25:24,818 - __main__ - INFO - Number of battles: 51
2025-11-10 09:25:24,818 - __main__ - INFO - 200 - OK
2025-11-10 09:45:56,682 - __main__ - INFO - Number of battles: 51
2025-11-10 09:45:56,683 - __main__ - INFO - 200 - OK
2025-11-10 09:57:50,452 - __main__ - INFO - Number of battles: 51
2025-11-10 09:57:50,452 - __main__ - INFO - 200 - OK
2025-11-10 10:32:26,784 - __main__ - INFO - Number of battles: 51
2025-11-10 10:32:26,784 - __main__ - INFO - 200 - OK
2025-11-10 10:50:02,809 - __main__ - INFO - Number of battles: 51
2025-11-10 10:50:02,809 - __main__ - INFO - 200 - OK
2025-11-10 11:09:30,779 - __main__ - INFO - Number of battles: 51
2025-11-10 11:09:30,779 - __main__ - INFO - 200 - OK
2025-11-10 11:28:28,436 - __main__ - INFO - Number of battles: 51
2025-11-10 11:28:28,436 - __main__ - INFO - 200 - OK
2025-11-10 11:42:42,787 - __main__ - INFO - Number of battles: 51
2025-11-10 11:42:42,787 - __main__ - INFO - 200 - OK
2025-11-10 11:54:15,519 - __main__ - INFO - Number of battles: 51
2025-11-10 11:54:15,519 - __main__ - INFO - 200 - OK
